<?xml version="1.0" encoding="UTF-8" standalone="no"?>
<testsuite errors="0" failures="0" name="io.cucumber.core.plugin.JUnitFormatter" skipped="0" tests="2" time="0.012">
    <testcase classname="Feature to demo Tags" name="Prueba3" time="0.003">
        <system-out><![CDATA[Given Vamos al link.........................................................passed
When ingresamos datos.......................................................passed
Then nos muestra resultados.................................................passed
]]></system-out>
    </testcase>
    <testcase classname="Feature to demo Tags" name="Prueba4" time="0.001">
        <system-out><![CDATA[Given Vamos al link.........................................................passed
When ingresamos datos.......................................................passed
Then nos muestra resultados.................................................passed
]]></system-out>
    </testcase>
</testsuite>
